Report logger configured to write to ./report.tsv every 60 seconds.
 * Starting DCP Worker
 . Configured for scheduler http://scheduler.dcp-gpu:5000/
 . Earned funds will be deposited in account 0x1fd95C7c55DD62197bA8524F13ADDD9a5484Bc6C in bank http://bank.dcp-gpu:5000/
 . Identity is 0x3f7f0E7713fF07a7fBDc6011b516E65743d60361
 ~ [Sandbox 0x022] Initialized
 ~ [Sandbox 0x001] Initialized
 ~ [Sandbox 0x01F] Initialized
 ~ [Sandbox 0x01D] Initialized
 ~ [Sandbox 0x006] Initialized
 ~ [Sandbox 0x01A] Initialized
 ~ [Sandbox 0x01E] Initialized
 ~ [Sandbox 0x002] Initialized
 ~ [Sandbox 0x017] Initialized
 ~ [Sandbox 0x018] Initialized
 ~ [Sandbox 0x00A] Initialized
 ~ [Sandbox 0x020] Initialized
 ~ [Sandbox 0x011] Initialized
 ~ [Sandbox 0x004] Initialized
 ~ [Sandbox 0x021] Initialized
 ~ [Sandbox 0x007] Initialized
 ~ [Sandbox 0x005] Initialized
 ~ [Sandbox 0x00E] Initialized
 ~ [Sandbox 0x016] Initialized
 ~ [Sandbox 0x015] Initialized
 ~ [Sandbox 0x010] Initialized
 ~ [Sandbox 0x01B] Initialized
 ~ [Sandbox 0x00B] Initialized
 ~ [Sandbox 0x00F] Initialized
 ~ [Sandbox 0x00C] Initialized
 ~ [Sandbox 0x012] Initialized
 ~ [Sandbox 0x013] Initialized
 ~ [Sandbox 0x023] Initialized
 ~ [Sandbox 0x003] Initialized
 ~ [Sandbox 0x009] Initialized
 ~ [Sandbox 0x008] Initialized
 ~ [Sandbox 0x019] Initialized
 ~ [Sandbox 0x014] Initialized
 ~ [Sandbox 0x00D] Initialized
 ~ [Sandbox 0x01C] Initialized
Fetching slices...
Finished fetching slices undefined
 ~ [Sandbox 0x01C] Slice Started - "aitf-tfjs-Test"
Supervisor.startSandboxWork: Sandbox failed. { jobAddress: 'D11wkGHc4l',
  sliceAddress: 'ilsAVU2PTs',
  jobName: 'aitf-tfjs-Test',
  error:
   { TypeError: Cannot read property 'STORAGE' of undefined
       at eval (eval at <anonymous> (unknown source), <anonymous>:4833:52)
       at eval (eval at <anonymous> (unknown source), <anonymous>:208:13)
       at Object.eval (eval at <anonymous> (unknown source), <anonymous>:210:4)
       at __webpack_require__ (eval at <anonymous> (unknown source), <anonymous>:25:32)
       at Object.eval (eval at <anonymous> (unknown source), <anonymous>:202:14)
       at __webpack_require__ (eval at <anonymous> (unknown source), <anonymous>:25:32)
       at eval (eval at <anonymous> (unknown source), <anonymous>:89:20)
       at eval (eval at <anonymous> (unknown source), <anonymous>:92:12)
       at Object.bravojs_initializeModule [as initializeModule] (<anonymous>:409:3)
       at Object.bravojs_requireModule [as requireModule] (<anonymous>:421:13) errorCode: 'ETOOMANYERRORS', name: 'TypeError' } }
 ~ [Sandbox 0x01C] Terminated - Job address: D11wkGHc4l
 ~ [Sandbox 0x024] Initialized
Fetching slices...
Failed to fetch slices { Error: In operation workFetch: No tasks available.
    at module.exports.schedulerError (/var/dcp/lib/scheduler-error.js:15:15)
    at Object.process (/var/dcp/libexec/scheduler/operations/workFetch.js:173:13)
    at process._tickCallback (internal/process/next_tick.js:68:7)
  origin: '0xF65Fbbd1d771A1b1791f8F41263191C28dd745A9',
  name: 'Error',
  message: 'In operation workFetch: No tasks available.',
  code: 'NOTASK' }
Fetching slices...
Failed to fetch slices { Error: In operation workFetch: No tasks available.
    at module.exports.schedulerError (/var/dcp/lib/scheduler-error.js:15:15)
    at Object.process (/var/dcp/libexec/scheduler/operations/workFetch.js:173:13)
    at process._tickCallback (internal/process/next_tick.js:68:7)
  origin: '0xF65Fbbd1d771A1b1791f8F41263191C28dd745A9',
  name: 'Error',
  message: 'In operation workFetch: No tasks available.',
  code: 'NOTASK' }
Fetching slices...
Failed to fetch slices { Error: In operation workFetch: No tasks available.
    at module.exports.schedulerError (/var/dcp/lib/scheduler-error.js:15:15)
    at Object.process (/var/dcp/libexec/scheduler/operations/workFetch.js:173:13)
    at process._tickCallback (internal/process/next_tick.js:68:7)
  origin: '0xF65Fbbd1d771A1b1791f8F41263191C28dd745A9',
  name: 'Error',
  message: 'In operation workFetch: No tasks available.',
  code: 'NOTASK' }
Fetching slices...
Finished fetching slices undefined
 ~ [Sandbox 0x024] Slice Started - "aitf-tfjs-Test"
Supervisor.startSandboxWork: Sandbox failed. { jobAddress: 'D11wkGHc4l',
  sliceAddress: 'ilsAVU2PTs',
  jobName: 'aitf-tfjs-Test',
  error:
   { TypeError: Cannot read property 'STORAGE' of undefined
       at eval (eval at <anonymous> (unknown source), <anonymous>:4833:52)
       at eval (eval at <anonymous> (unknown source), <anonymous>:208:13)
       at Object.eval (eval at <anonymous> (unknown source), <anonymous>:210:4)
       at __webpack_require__ (eval at <anonymous> (unknown source), <anonymous>:25:32)
       at Object.eval (eval at <anonymous> (unknown source), <anonymous>:202:14)
       at __webpack_require__ (eval at <anonymous> (unknown source), <anonymous>:25:32)
       at eval (eval at <anonymous> (unknown source), <anonymous>:89:20)
       at eval (eval at <anonymous> (unknown source), <anonymous>:92:12)
       at Object.bravojs_initializeModule [as initializeModule] (<anonymous>:409:3)
       at Object.bravojs_requireModule [as requireModule] (<anonymous>:421:13) errorCode: 'ETOOMANYERRORS', name: 'TypeError' } }
 ~ [Sandbox 0x024] Terminated - Job address: D11wkGHc4l
 ~ [Sandbox 0x025] Initialized
Fetching slices...
Failed to fetch slices { Error: In operation workFetch: No tasks available.
    at module.exports.schedulerError (/var/dcp/lib/scheduler-error.js:15:15)
    at Object.process (/var/dcp/libexec/scheduler/operations/workFetch.js:173:13)
    at process._tickCallback (internal/process/next_tick.js:68:7)
  origin: '0xF65Fbbd1d771A1b1791f8F41263191C28dd745A9',
  name: 'Error',
  message: 'In operation workFetch: No tasks available.',
  code: 'NOTASK' }
Fetching slices...
Failed to fetch slices { Error: In operation workFetch: No tasks available.
    at module.exports.schedulerError (/var/dcp/lib/scheduler-error.js:15:15)
    at Object.process (/var/dcp/libexec/scheduler/operations/workFetch.js:173:13)
    at process._tickCallback (internal/process/next_tick.js:68:7)
  origin: '0xF65Fbbd1d771A1b1791f8F41263191C28dd745A9',
  name: 'Error',
  message: 'In operation workFetch: No tasks available.',
  code: 'NOTASK' }
Fetching slices...
Finished fetching slices undefined
 ~ [Sandbox 0x025] Slice Started - "aitf-tfjs-Test"
Supervisor.startSandboxWork: Sandbox failed. { jobAddress: 'G6CDxIach8',
  sliceAddress: 'F02zbvIPR3',
  jobName: 'aitf-tfjs-Test',
  error:
   { TypeError: Cannot read property 'STORAGE' of undefined
       at eval (eval at <anonymous> (unknown source), <anonymous>:4833:52)
       at eval (eval at <anonymous> (unknown source), <anonymous>:208:13)
       at Object.eval (eval at <anonymous> (unknown source), <anonymous>:210:4)
       at __webpack_require__ (eval at <anonymous> (unknown source), <anonymous>:25:32)
       at Object.eval (eval at <anonymous> (unknown source), <anonymous>:202:14)
       at __webpack_require__ (eval at <anonymous> (unknown source), <anonymous>:25:32)
       at eval (eval at <anonymous> (unknown source), <anonymous>:89:20)
       at eval (eval at <anonymous> (unknown source), <anonymous>:92:12)
       at Object.bravojs_initializeModule [as initializeModule] (<anonymous>:409:3)
       at Object.bravojs_requireModule [as requireModule] (<anonymous>:421:13) errorCode: 'ETOOMANYERRORS', name: 'TypeError' } }
 ~ [Sandbox 0x025] Terminated - Job address: G6CDxIach8
 ~ [Sandbox 0x00D] Slice Started - "aitf-tfjs-Test"
Supervisor.startSandboxWork: Sandbox failed. { jobAddress: 'D11wkGHc4l',
  sliceAddress: 'ilsAVU2PTs',
  jobName: 'aitf-tfjs-Test',
  error:
   { TypeError: Cannot read property 'STORAGE' of undefined
       at eval (eval at <anonymous> (unknown source), <anonymous>:4833:52)
       at eval (eval at <anonymous> (unknown source), <anonymous>:208:13)
       at Object.eval (eval at <anonymous> (unknown source), <anonymous>:210:4)
       at __webpack_require__ (eval at <anonymous> (unknown source), <anonymous>:25:32)
       at Object.eval (eval at <anonymous> (unknown source), <anonymous>:202:14)
       at __webpack_require__ (eval at <anonymous> (unknown source), <anonymous>:25:32)
       at eval (eval at <anonymous> (unknown source), <anonymous>:89:20)
       at eval (eval at <anonymous> (unknown source), <anonymous>:92:12)
       at Object.bravojs_initializeModule [as initializeModule] (<anonymous>:409:3)
       at Object.bravojs_requireModule [as requireModule] (<anonymous>:421:13) errorCode: 'ETOOMANYERRORS', name: 'TypeError' } }
 ~ [Sandbox 0x00D] Terminated - Job address: D11wkGHc4l
 ~ [Sandbox 0x027] Initialized
 ~ [Sandbox 0x026] Initialized
Fetching slices...
Finished fetching slices undefined
 ~ [Sandbox 0x026] Slice Started - "aitf-tfjs-Test"
Supervisor.startSandboxWork: Sandbox failed. { jobAddress: 'G6CDxIach8',
  sliceAddress: 'F02zbvIPR3',
  jobName: 'aitf-tfjs-Test',
  error:
   { TypeError: Cannot read property 'STORAGE' of undefined
       at eval (eval at <anonymous> (unknown source), <anonymous>:4833:52)
       at eval (eval at <anonymous> (unknown source), <anonymous>:208:13)
       at Object.eval (eval at <anonymous> (unknown source), <anonymous>:210:4)
       at __webpack_require__ (eval at <anonymous> (unknown source), <anonymous>:25:32)
       at Object.eval (eval at <anonymous> (unknown source), <anonymous>:202:14)
       at __webpack_require__ (eval at <anonymous> (unknown source), <anonymous>:25:32)
       at eval (eval at <anonymous> (unknown source), <anonymous>:89:20)
       at eval (eval at <anonymous> (unknown source), <anonymous>:92:12)
       at Object.bravojs_initializeModule [as initializeModule] (<anonymous>:409:3)
       at Object.bravojs_requireModule [as requireModule] (<anonymous>:421:13) errorCode: 'ETOOMANYERRORS', name: 'TypeError' } }
 ~ [Sandbox 0x026] Terminated - Job address: G6CDxIach8
 ~ [Sandbox 0x027] Slice Started - "aitf-tfjs-Test"
Supervisor.startSandboxWork: Sandbox failed. { jobAddress: 'D11wkGHc4l',
  sliceAddress: 'ilsAVU2PTs',
  jobName: 'aitf-tfjs-Test',
  error:
   { TypeError: Cannot read property 'STORAGE' of undefined
       at eval (eval at <anonymous> (unknown source), <anonymous>:4833:52)
       at eval (eval at <anonymous> (unknown source), <anonymous>:208:13)
       at Object.eval (eval at <anonymous> (unknown source), <anonymous>:210:4)
       at __webpack_require__ (eval at <anonymous> (unknown source), <anonymous>:25:32)
       at Object.eval (eval at <anonymous> (unknown source), <anonymous>:202:14)
       at __webpack_require__ (eval at <anonymous> (unknown source), <anonymous>:25:32)
       at eval (eval at <anonymous> (unknown source), <anonymous>:89:20)
       at eval (eval at <anonymous> (unknown source), <anonymous>:92:12)
       at Object.bravojs_initializeModule [as initializeModule] (<anonymous>:409:3)
       at Object.bravojs_requireModule [as requireModule] (<anonymous>:421:13) errorCode: 'ETOOMANYERRORS', name: 'TypeError' } }
 ~ [Sandbox 0x027] Terminated - Job address: D11wkGHc4l
 ~ [Sandbox 0x028] Initialized
 ~ [Sandbox 0x029] Initialized
Fetching slices...
Failed to fetch slices { Error: In operation workFetch: No tasks available.
    at module.exports.schedulerError (/var/dcp/lib/scheduler-error.js:15:15)
    at Object.process (/var/dcp/libexec/scheduler/operations/workFetch.js:173:13)
    at process._tickCallback (internal/process/next_tick.js:68:7)
  origin: '0xF65Fbbd1d771A1b1791f8F41263191C28dd745A9',
  name: 'Error',
  message: 'In operation workFetch: No tasks available.',
  code: 'NOTASK' }
Fetching slices...
Failed to fetch slices { Error: In operation workFetch: No tasks available.
    at module.exports.schedulerError (/var/dcp/lib/scheduler-error.js:15:15)
    at Object.process (/var/dcp/libexec/scheduler/operations/workFetch.js:173:13)
    at process._tickCallback (internal/process/next_tick.js:68:7)
  origin: '0xF65Fbbd1d771A1b1791f8F41263191C28dd745A9',
  name: 'Error',
  message: 'In operation workFetch: No tasks available.',
  code: 'NOTASK' }
Fetching slices...
Failed to fetch slices { Error: In operation workFetch: No tasks available.
    at module.exports.schedulerError (/var/dcp/lib/scheduler-error.js:15:15)
    at Object.process (/var/dcp/libexec/scheduler/operations/workFetch.js:173:13)
    at process._tickCallback (internal/process/next_tick.js:68:7)
  origin: '0xF65Fbbd1d771A1b1791f8F41263191C28dd745A9',
  name: 'Error',
  message: 'In operation workFetch: No tasks available.',
  code: 'NOTASK' }
Fetching slices...
Failed to fetch slices { Error: In operation workFetch: No tasks available.
    at module.exports.schedulerError (/var/dcp/lib/scheduler-error.js:15:15)
    at Object.process (/var/dcp/libexec/scheduler/operations/workFetch.js:173:13)
    at process._tickCallback (internal/process/next_tick.js:68:7)
  origin: '0xF65Fbbd1d771A1b1791f8F41263191C28dd745A9',
  name: 'Error',
  message: 'In operation workFetch: No tasks available.',
  code: 'NOTASK' }
Fetching slices...
Failed to fetch slices { Error: In operation workFetch: No tasks available.
    at module.exports.schedulerError (/var/dcp/lib/scheduler-error.js:15:15)
    at Object.process (/var/dcp/libexec/scheduler/operations/workFetch.js:173:13)
    at process._tickCallback (internal/process/next_tick.js:68:7)
  origin: '0xF65Fbbd1d771A1b1791f8F41263191C28dd745A9',
  name: 'Error',
  message: 'In operation workFetch: No tasks available.',
  code: 'NOTASK' }
Fetching slices...
Failed to fetch slices { Error: In operation workFetch: No tasks available.
    at module.exports.schedulerError (/var/dcp/lib/scheduler-error.js:15:15)
    at Object.process (/var/dcp/libexec/scheduler/operations/workFetch.js:173:13)
    at process._tickCallback (internal/process/next_tick.js:68:7)
  origin: '0xF65Fbbd1d771A1b1791f8F41263191C28dd745A9',
  name: 'Error',
  message: 'In operation workFetch: No tasks available.',
  code: 'NOTASK' }
Fetching slices...
Failed to fetch slices { Error: In operation workFetch: No tasks available.
    at module.exports.schedulerError (/var/dcp/lib/scheduler-error.js:15:15)
    at Object.process (/var/dcp/libexec/scheduler/operations/workFetch.js:173:13)
    at process._tickCallback (internal/process/next_tick.js:68:7)
  origin: '0xF65Fbbd1d771A1b1791f8F41263191C28dd745A9',
  name: 'Error',
  message: 'In operation workFetch: No tasks available.',
  code: 'NOTASK' }
Fetching slices...
Failed to fetch slices { Error: In operation workFetch: No tasks available.
    at module.exports.schedulerError (/var/dcp/lib/scheduler-error.js:15:15)
    at Object.process (/var/dcp/libexec/scheduler/operations/workFetch.js:173:13)
    at process._tickCallback (internal/process/next_tick.js:68:7)
  origin: '0xF65Fbbd1d771A1b1791f8F41263191C28dd745A9',
  name: 'Error',
  message: 'In operation workFetch: No tasks available.',
  code: 'NOTASK' }
Fetching slices...
Failed to fetch slices { Error: In operation workFetch: No tasks available.
    at module.exports.schedulerError (/var/dcp/lib/scheduler-error.js:15:15)
    at Object.process (/var/dcp/libexec/scheduler/operations/workFetch.js:173:13)
    at process._tickCallback (internal/process/next_tick.js:68:7)
  origin: '0xF65Fbbd1d771A1b1791f8F41263191C28dd745A9',
  name: 'Error',
  message: 'In operation workFetch: No tasks available.',
  code: 'NOTASK' }
Fetching slices...
Failed to fetch slices { Error: In operation workFetch: No tasks available.
    at module.exports.schedulerError (/var/dcp/lib/scheduler-error.js:15:15)
    at Object.process (/var/dcp/libexec/scheduler/operations/workFetch.js:173:13)
    at process._tickCallback (internal/process/next_tick.js:68:7)
  origin: '0xF65Fbbd1d771A1b1791f8F41263191C28dd745A9',
  name: 'Error',
  message: 'In operation workFetch: No tasks available.',
  code: 'NOTASK' }
Fetching slices...
Failed to fetch slices { Error: In operation workFetch: No tasks available.
    at module.exports.schedulerError (/var/dcp/lib/scheduler-error.js:15:15)
    at Object.process (/var/dcp/libexec/scheduler/operations/workFetch.js:173:13)
    at process._tickCallback (internal/process/next_tick.js:68:7)
  origin: '0xF65Fbbd1d771A1b1791f8F41263191C28dd745A9',
  name: 'Error',
  message: 'In operation workFetch: No tasks available.',
  code: 'NOTASK' }
Fetching slices...
Failed to fetch slices { Error: In operation workFetch: No tasks available.
    at module.exports.schedulerError (/var/dcp/lib/scheduler-error.js:15:15)
    at Object.process (/var/dcp/libexec/scheduler/operations/workFetch.js:173:13)
    at process._tickCallback (internal/process/next_tick.js:68:7)
  origin: '0xF65Fbbd1d771A1b1791f8F41263191C28dd745A9',
  name: 'Error',
  message: 'In operation workFetch: No tasks available.',
  code: 'NOTASK' }
